<?xml version="1.0" encoding="UTF-8"?>
<!-- Generated by org.testng.reporters.JUnitReportReporter -->
<testsuite hostname="Arbazs-MBP.domain.name" failures="0" tests="4" name="com.GeneralMathModule.NumbersComponent" time="43.518" errors="0" timestamp="2023-07-01T20:57:06 IST" skipped="0">
  <testcase classname="com.GeneralMathModule.NumbersComponent" name="testFactor" time="8.731"/>
  <system-out/>
  <testcase classname="com.GeneralMathModule.NumbersComponent" name="testGCF" time="15.602"/>
  <system-out/>
  <testcase classname="com.GeneralMathModule.NumbersComponent" name="testLCM" time="9.091"/>
  <system-out/>
  <testcase classname="com.GeneralMathModule.NumbersComponent" name="testPronouncing" time="10.094"/>
  <system-out/>
</testsuite> <!-- com.GeneralMathModule.NumbersComponent -->
